info it worked if it ends with ok
verbose cli [ 'node',
verbose cli   '/usr/bin/npm',
verbose cli   'install',
verbose cli   'grunt-bower-install',
verbose cli   '--save-dev' ]
info using npm@1.1.4
info using node@v0.6.12
verbose config file /home/ubuntu/.npmrc
verbose config file /usr/etc/npmrc
verbose config file /usr/share/npm/npmrc
verbose caching /home/ubuntu/website/package.json
verbose loadDefaults node-js-sample@0.0.3
verbose from cache /home/ubuntu/website/package.json
verbose readDependencies: using package.json deps
verbose cache add [ 'grunt-bower-install', null ]
silly cache add: name, spec, args [ undefined,
silly cache add: name, spec, args   'grunt-bower-install',
silly cache add: name, spec, args   [ 'grunt-bower-install', null ] ]
verbose parsed url { pathname: 'grunt-bower-install',
verbose parsed url   path: 'grunt-bower-install',
verbose parsed url   href: 'grunt-bower-install' }
verbose addNamed [ 'grunt-bower-install', '' ]
verbose addNamed [ null, '' ]
silly name, range, hasData [ 'grunt-bower-install', '', false ]
verbose raw, before any munging grunt-bower-install
verbose url resolving [ 'https://registry.npmjs.org/', './grunt-bower-install' ]
verbose url resolved https://registry.npmjs.org/grunt-bower-install
http GET https://registry.npmjs.org/grunt-bower-install
ERR! Error: failed to fetch from registry: grunt-bower-install
ERR!     at /usr/share/npm/lib/utils/npm-registry-client/get.js:139:12
ERR!     at cb (/usr/share/npm/lib/utils/npm-registry-client/request.js:31:9)
ERR!     at Request._callback (/usr/share/npm/lib/utils/npm-registry-client/request.js:136:18)
ERR!     at Request.callback (/usr/lib/nodejs/request/main.js:119:22)
ERR!     at Request.<anonymous> (/usr/lib/nodejs/request/main.js:212:58)
ERR!     at Request.emit (events.js:88:20)
ERR!     at ClientRequest.<anonymous> (/usr/lib/nodejs/request/main.js:412:12)
ERR!     at ClientRequest.emit (events.js:67:17)
ERR!     at HTTPParser.onIncoming (http.js:1261:11)
ERR!     at HTTPParser.onHeadersComplete (http.js:102:31)
ERR! You may report this log at:
ERR!     <http://bugs.debian.org/npm>
ERR! or use
ERR!     reportbug --attach /home/ubuntu/website/npm-debug.log npm
ERR! 
ERR! System Linux 3.2.0-54-virtual
ERR! command "node" "/usr/bin/npm" "install" "grunt-bower-install" "--save-dev"
ERR! cwd /home/ubuntu/website
ERR! node -v v0.6.12
ERR! npm -v 1.1.4
ERR! message failed to fetch from registry: grunt-bower-install
verbose exit [ 1, true ]
